[debug] [2021-11-25T10:28:16.861Z] ----------------------------------------------------------------------
[debug] [2021-11-25T10:28:16.863Z] Command:       C:\Program Files\nodejs\node.exe C:\Users\Vrunda M Balgi\AppData\Roaming\npm\node_modules\firebase-tools\lib\bin\firebase.js init
[debug] [2021-11-25T10:28:16.864Z] CLI Version:   9.23.0
[debug] [2021-11-25T10:28:16.864Z] Platform:      win32
[debug] [2021-11-25T10:28:16.864Z] Node Version:  v14.17.6
[debug] [2021-11-25T10:28:16.865Z] Time:          Thu Nov 25 2021 15:58:16 GMT+0530 (India Standard Time)
[debug] [2021-11-25T10:28:16.865Z] ----------------------------------------------------------------------
[debug] 
[debug] [2021-11-25T10:28:16.873Z] > command requires scopes: ["email","openid","https://www.googleapis.com/auth/cloudplatformprojects.readonly","https://www.googleapis.com/auth/firebase","https://www.googleapis.com/auth/cloud-platform"]
[debug] [2021-11-25T10:28:16.873Z] > authorizing via signed-in user (kishorbalgi08@gmail.com)
[info] 
     ######## #### ########  ######## ########     ###     ######  ########
     ##        ##  ##     ## ##       ##     ##  ##   ##  ##       ##
     ######    ##  ########  ######   ########  #########  ######  ######
     ##        ##  ##    ##  ##       ##     ## ##     ##       ## ##
     ##       #### ##     ## ######## ########  ##     ##  ######  ########

You're about to initialize a Firebase project in this directory:

  G:\Kishor\Projects\Lab Repo

[info] 
=== Project Setup
[info] 
[info] First, let's associate this project directory with a Firebase project.
[info] You can create multiple project aliases by running firebase use --add, 
[info] but for now we'll just set up a default project.
[info] 
[debug] [2021-11-25T10:30:52.866Z] >>> [apiv2][query] GET https://firebase.googleapis.com/v1beta1/projects pageSize=100
[debug] [2021-11-25T10:30:53.773Z] <<< [apiv2][status] GET https://firebase.googleapis.com/v1beta1/projects 200
[debug] [2021-11-25T10:30:53.773Z] <<< [apiv2][body] GET https://firebase.googleapis.com/v1beta1/projects [omitted]
[info] i  Using project lab-repo-d5554 (Lab Repo) 
[info] 
=== Hosting Setup
[info] 
[info] Your public directory is the folder (relative to your project directory) that
[info] will contain Hosting assets to be uploaded with firebase deploy. If you
[info] have a build process for your assets, use your build's output directory.
[info] 
